<?xml version="1.0" encoding="UTF-8"?>
<testng-results skipped="0" failed="1" total="1" passed="0">
  <reporter-output>
  </reporter-output>
  <suite name="Default suite" duration-ms="31672" started-at="2016-05-20T18:09:02Z" finished-at="2016-05-20T18:09:34Z">
    <groups>
    </groups>
    <test name="Default test" duration-ms="31672" started-at="2016-05-20T18:09:02Z" finished-at="2016-05-20T18:09:34Z">
      <class name="MyKeyword.ExecutionFile">
        <test-method status="FAIL" signature="FinalProcess()[pri:1, instance:MyKeyword.ExecutionFile@62ee68d8]" name="FinalProcess" duration-ms="31612" started-at="2016-05-20T13:09:02Z" finished-at="2016-05-20T13:09:34Z">
          <exception class="java.lang.NoSuchMethodException">
            <message>
              <![CDATA[MyKeyword.TestCaseProcess.Click_On_Link(java.lang.String, java.lang.String, java.lang.String)]]>
            </message>
            <full-stacktrace>
              <![CDATA[java.lang.NoSuchMethodException: MyKeyword.TestCaseProcess.Click_On_Link(java.lang.String, java.lang.String, java.lang.String)
	at java.lang.Class.getMethod(Unknown Source)
	at MyKeyword.ExecutionFile.AccessTestCaseMethods(ExecutionFile.java:94)
	at MyKeyword.ExecutionFile.FinalProcess(ExecutionFile.java:63)
	at sun.reflect.NativeMethodAccessorImpl.invoke0(Native Method)
	at sun.reflect.NativeMethodAccessorImpl.invoke(Unknown Source)
	at sun.reflect.DelegatingMethodAccessorImpl.invoke(Unknown Source)
	at java.lang.reflect.Method.invoke(Unknown Source)
	at org.testng.internal.MethodInvocationHelper.invokeMethod(MethodInvocationHelper.java:85)
	at org.testng.internal.Invoker.invokeMethod(Invoker.java:639)
	at org.testng.internal.Invoker.invokeTestMethod(Invoker.java:816)
	at org.testng.internal.Invoker.invokeTestMethods(Invoker.java:1124)
	at org.testng.internal.TestMethodWorker.invokeTestMethods(TestMethodWorker.java:125)
	at org.testng.internal.TestMethodWorker.run(TestMethodWorker.java:108)
	at org.testng.TestRunner.privateRun(TestRunner.java:774)
	at org.testng.TestRunner.run(TestRunner.java:624)
	at org.testng.SuiteRunner.runTest(SuiteRunner.java:359)
	at org.testng.SuiteRunner.runSequentially(SuiteRunner.java:354)
	at org.testng.SuiteRunner.privateRun(SuiteRunner.java:312)
	at org.testng.SuiteRunner.run(SuiteRunner.java:261)
	at org.testng.SuiteRunnerWorker.runSuite(SuiteRunnerWorker.java:52)
	at org.testng.SuiteRunnerWorker.run(SuiteRunnerWorker.java:86)
	at org.testng.TestNG.runSuitesSequentially(TestNG.java:1215)
	at org.testng.TestNG.runSuitesLocally(TestNG.java:1140)
	at org.testng.TestNG.run(TestNG.java:1048)
	at org.testng.remote.AbstractRemoteTestNG.run(AbstractRemoteTestNG.java:126)
	at org.testng.remote.RemoteTestNG.initAndRun(RemoteTestNG.java:137)
	at org.testng.remote.RemoteTestNG.main(RemoteTestNG.java:58)
]]>
            </full-stacktrace>
          </exception> <!-- java.lang.NoSuchMethodException -->
          <reporter-output>
          </reporter-output>
        </test-method> <!-- FinalProcess -->
      </class> <!-- MyKeyword.ExecutionFile -->
    </test> <!-- Default test -->
  </suite> <!-- Default suite -->
</testng-results>
