<?xml version="1.0" encoding="UTF-8"?>
<!-- Generated by org.testng.reporters.JUnitXMLReporter -->
<testsuite hostname="Venkat" name="Default test" tests="3" failures="0" timestamp="14 May 2016 15:28:27 GMT" time="22.302" errors="0">
  <testcase name="opengoogle" time="2.222" classname="samplepakage.TestNgWebsite"/>
  <testcase name="opengmail" time="3.222" classname="samplepakage.TestNgWebsite"/>
  <testcase name="openfacebook" time="1.565" classname="samplepakage.TestNgWebsite"/>
</testsuite> <!-- Default test -->
