<?xml version="1.0" encoding="UTF-8"?>
<testng-results skipped="0" failed="0" total="3" passed="3">
  <reporter-output>
  </reporter-output>
  <suite name="Default suite" duration-ms="22302" started-at="2016-05-14T15:28:04Z" finished-at="2016-05-14T15:28:26Z">
    <groups>
    </groups>
    <test name="Default test" duration-ms="22302" started-at="2016-05-14T15:28:04Z" finished-at="2016-05-14T15:28:26Z">
      <class name="samplepakage.TestNgWebsite">
        <test-method status="PASS" signature="DelayExecution()[pri:0, instance:samplepakage.TestNgWebsite@696da30b]" name="DelayExecution" is-config="true" duration-ms="5096" started-at="2016-05-14T10:28:04Z" finished-at="2016-05-14T10:28:09Z">
          <reporter-output>
          </reporter-output>
        </test-method> <!-- DelayExecution -->
        <test-method status="PASS" signature="opengoogle()[pri:1, instance:samplepakage.TestNgWebsite@696da30b]" name="opengoogle" duration-ms="2222" started-at="2016-05-14T10:28:09Z" finished-at="2016-05-14T10:28:12Z">
          <reporter-output>
          </reporter-output>
        </test-method> <!-- opengoogle -->
        <test-method status="PASS" signature="DelayExecution()[pri:0, instance:samplepakage.TestNgWebsite@696da30b]" name="DelayExecution" is-config="true" duration-ms="5001" started-at="2016-05-14T10:28:12Z" finished-at="2016-05-14T10:28:17Z">
          <reporter-output>
          </reporter-output>
        </test-method> <!-- DelayExecution -->
        <test-method status="PASS" signature="opengmail()[pri:2, instance:samplepakage.TestNgWebsite@696da30b]" name="opengmail" duration-ms="3222" started-at="2016-05-14T10:28:17Z" finished-at="2016-05-14T10:28:20Z">
          <reporter-output>
          </reporter-output>
        </test-method> <!-- opengmail -->
        <test-method status="PASS" signature="DelayExecution()[pri:0, instance:samplepakage.TestNgWebsite@696da30b]" name="DelayExecution" is-config="true" duration-ms="5000" started-at="2016-05-14T10:28:20Z" finished-at="2016-05-14T10:28:25Z">
          <reporter-output>
          </reporter-output>
        </test-method> <!-- DelayExecution -->
        <test-method status="PASS" signature="openfacebook()[pri:3, instance:samplepakage.TestNgWebsite@696da30b]" name="openfacebook" duration-ms="1565" started-at="2016-05-14T10:28:25Z" finished-at="2016-05-14T10:28:26Z">
          <reporter-output>
          </reporter-output>
        </test-method> <!-- openfacebook -->
      </class> <!-- samplepakage.TestNgWebsite -->
    </test> <!-- Default test -->
  </suite> <!-- Default suite -->
</testng-results>
